<?xml version='1.0' encoding='UTF-8'?>
<testsuite hostname="ABCDEFG" name="TestSuite" tests="6" errors="0" failures="0" skipped="0" time="34.252" timestamp="2024-10-07T15:28:46">
          <properties>
[...]
</properties>
          <testcase classname="TestSuite" name="problem 1-1" time="0.016">
                      
                    </testcase><testcase classname="TestSuite" name="problem 1-2" time="7.141">
                      
                    </testcase><testcase classname="TestSuite" name="problem 2" time="0.006">
                      
                    </testcase><testcase classname="TestSuite" name="problem 3-1" time="7.012">
                      
                    </testcase><testcase classname="TestSuite" name="problem 3-2" time="9.876">
                      
                    </testcase><testcase classname="TestSuite" name="problem 3-3" time="10.201">
                      
                    </testcase>
          <system-out><![CDATA[]]></system-out>
          <system-err><![CDATA[]]></system-err>
        </testsuite>